C:\Program Files (x86)\Microsoft Visual Studio\2019\Community\MSBuild\Microsoft\VC\v160\Microsoft.CppBuild.targets(501,5): warning MSB8003: Die WindowsSDKDir-Eigenschaft ist nicht definiert. Einige Buildtools werden möglicherweise nicht gefunden.
  PluginProcessor.cpp
  PluginEditor.cpp
  include_juce_analytics.cpp
  include_juce_audio_basics.cpp
  include_juce_audio_devices.cpp
  include_juce_audio_formats.cpp
  include_juce_audio_plugin_client_ARA.cpp
  include_juce_audio_processors_ara.cpp
  include_juce_audio_processors_lv2_libs.cpp
  include_juce_audio_utils.cpp
  include_juce_core_CompilationTime.cpp
  include_juce_data_structures.cpp
C:\JUCE\modules\juce_core\native\juce_BasicNativeHeaders.h(111,11): fatal error C1083: Datei (Include) kann nicht geöffnet werden: "windows.h": No such file or directory (Quelldatei wird kompiliert ..\..\JuceLibraryCode\include_juce_audio_devices.cpp)
C:\JUCE\modules\juce_core\native\juce_BasicNativeHeaders.h(111,11): fatal error C1083: Datei (Include) kann nicht geöffnet werden: "windows.h": No such file or directory (Quelldatei wird kompiliert ..\..\JuceLibraryCode\include_juce_audio_utils.cpp)
C:\Program Files (x86)\Microsoft Visual Studio\2019\Community\VC\Tools\MSVC\14.28.29910\include\cstdlib(12,10): fatal error C1083: Datei (Include) kann nicht geöffnet werden: "math.h": No such file or directory (Quelldatei wird kompiliert ..\..\JuceLibraryCode\include_juce_audio_basics.cpp)
C:\JUCE\modules\juce_core\native\juce_BasicNativeHeaders.h(111,11): fatal error C1083: Datei (Include) kann nicht geöffnet werden: "windows.h": No such file or directory (Quelldatei wird kompiliert ..\..\JuceLibraryCode\include_juce_audio_formats.cpp)
C:\Program Files (x86)\Microsoft Visual Studio\2019\Community\VC\Tools\MSVC\14.28.29910\include\cstdlib(12,10): fatal error C1083: Datei (Include) kann nicht geöffnet werden: "math.h": No such file or directory (Quelldatei wird kompiliert ..\..\Source\PluginEditor.cpp)
  include_juce_dsp.cpp
  include_juce_events.cpp
  include_juce_graphics_Harfbuzz.cpp
  include_juce_gui_extra.cpp
C:\Program Files (x86)\Microsoft Visual Studio\2019\Community\VC\Tools\MSVC\14.28.29910\include\cstdlib(12,10): fatal error C1083: Datei (Include) kann nicht geöffnet werden: "math.h": No such file or directory (Quelldatei wird kompiliert ..\..\JuceLibraryCode\include_juce_analytics.cpp)
C:\Program Files (x86)\Microsoft Visual Studio\2019\Community\VC\Tools\MSVC\14.28.29910\include\cstdlib(12,10): fatal error C1083: Datei (Include) kann nicht geöffnet werden: "math.h": No such file or directory (Quelldatei wird kompiliert ..\..\Source\PluginProcessor.cpp)
C:\Program Files (x86)\Microsoft Visual Studio\2019\Community\VC\Tools\MSVC\14.28.29910\include\cstdlib(12,10): fatal error C1083: Datei (Include) kann nicht geöffnet werden: "math.h": No such file or directory (Quelldatei wird kompiliert ..\..\JuceLibraryCode\include_juce_data_structures.cpp)
C:\JUCE\modules\juce_core\native\juce_BasicNativeHeaders.h(111,11): fatal error C1083: Datei (Include) kann nicht geöffnet werden: "windows.h": No such file or directory (Quelldatei wird kompiliert ..\..\JuceLibraryCode\include_juce_events.cpp)
C:\JUCE\modules\juce_core\native\juce_BasicNativeHeaders.h(111,11): fatal error C1083: Datei (Include) kann nicht geöffnet werden: "windows.h": No such file or directory (Quelldatei wird kompiliert ..\..\JuceLibraryCode\include_juce_gui_extra.cpp)
C:\Program Files (x86)\Microsoft Visual Studio\2019\Community\VC\Tools\MSVC\14.28.29910\include\cstdlib(12,10): fatal error C1083: Datei (Include) kann nicht geöffnet werden: "math.h": No such file or directory (Quelldatei wird kompiliert ..\..\JuceLibraryCode\include_juce_dsp.cpp)
C:\Program Files (x86)\Microsoft Visual Studio\2019\Community\VC\Tools\MSVC\14.28.29910\include\cassert(9,10): fatal error C1083: Datei (Include) kann nicht geöffnet werden: "assert.h": No such file or directory (Quelldatei wird kompiliert ..\..\JuceLibraryCode\include_juce_graphics_Harfbuzz.cpp)
